[debug] [2020-10-26T14:15:34.727Z] ----------------------------------------------------------------------
[debug] [2020-10-26T14:15:34.729Z] Command:       C:\Program Files\nodejs\node.exe C:\Users\anves\AppData\Roaming\npm\node_modules\firebase-tools\lib\bin\firebase.js emulators:start
[debug] [2020-10-26T14:15:34.729Z] CLI Version:   8.13.1
[debug] [2020-10-26T14:15:34.729Z] Platform:      win32
[debug] [2020-10-26T14:15:34.729Z] Node Version:  v12.18.3
[debug] [2020-10-26T14:15:34.730Z] Time:          Mon Oct 26 2020 19:45:34 GMT+0530 (India Standard Time)
[debug] [2020-10-26T14:15:34.730Z] ----------------------------------------------------------------------
[debug] [2020-10-26T14:15:34.731Z] 
[debug] [2020-10-26T14:15:34.736Z] > command requires scopes: ["email","openid","https://www.googleapis.com/auth/cloudplatformprojects.readonly","https://www.googleapis.com/auth/firebase","https://www.googleapis.com/auth/cloud-platform"]
[debug] [2020-10-26T14:15:34.737Z] > authorizing via signed-in user
[info] i  emulators: Starting emulators: functions, hosting {"metadata":{"emulator":{"name":"hub"},"message":"Starting emulators: functions, hosting"}}
[warn] !  emulators: It seems that you are running multiple instances of the emulator suite for project clone-668a7. This may result in unexpected behavior. 
[debug] [2020-10-26T14:15:36.779Z] [hub] writing locator at C:\Users\anves\AppData\Local\Temp\hub-clone-668a7.json
[warn] !  functions: The following emulators are not running, calls to these services from the Functions emulator will affect production: auth, firestore, database, pubsub {"metadata":{"emulator":{"name":"functions"},"message":"The following emulators are not running, calls to these services from the Functions emulator will affect production: \u001b[1mauth, firestore, database, pubsub\u001b[22m"}}
[info] +  functions: Using node@12 from host. {"metadata":{"emulator":{"name":"functions"},"message":"Using node@12 from host."}}
[debug] [2020-10-26T14:15:38.827Z] defaultcredentials: writing to file C:\Users\anves\AppData\Roaming\firebase\anveshreddy_bemore_gmail.com_application_default_credentials.json
[debug] [2020-10-26T14:15:38.834Z] Setting GAC to C:\Users\anves\AppData\Roaming\firebase\anveshreddy_bemore_gmail.com_application_default_credentials.json {"metadata":{"emulator":{"name":"functions"},"message":"Setting GAC to C:\\Users\\anves\\AppData\\Roaming\\firebase\\anveshreddy_bemore_gmail.com_application_default_credentials.json"}}
[debug] [2020-10-26T14:15:40.868Z] >>> HTTP REQUEST GET https://firebase.googleapis.com/v1beta1/projects/clone-668a7/webApps/-/config  
 
[debug] [2020-10-26T14:15:42.230Z] <<< HTTP RESPONSE 200 {"content-type":"application/json; charset=UTF-8","vary":"X-Origin, Referer, Origin,Accept-Encoding","date":"Mon, 26 Oct 2020 14:15:40 GMT","server":"ESF","cache-control":"private","x-xss-protection":"0","x-frame-options":"SAMEORIGIN","x-content-type-options":"nosniff","alt-svc":"h3-Q050=\":443\"; ma=2592000,h3-29=\":443\"; ma=2592000,h3-T051=\":443\"; ma=2592000,h3-T050=\":443\"; ma=2592000,h3-Q046=\":443\"; ma=2592000,h3-Q043=\":443\"; ma=2592000,quic=\":443\"; ma=2592000; v=\"46,43\"","accept-ranges":"none","transfer-encoding":"chunked"}
[info] i  hosting: Serving hosting files from: build {"metadata":{"emulator":{"name":"hosting"},"message":"Serving hosting files from: \u001b[1mbuild\u001b[22m"}}
[info] +  hosting: Local server: http://localhost:5000 {"metadata":{"emulator":{"name":"hosting"},"message":"Local server: \u001b[4m\u001b[1mhttp://localhost:5000\u001b[22m\u001b[24m"}}
[warn] !  ui: Emulator UI unable to start on port 4000, starting on 4001 instead. {"metadata":{"emulator":{"name":"ui"},"message":"Emulator UI unable to start on port 4000, starting on 4001 instead."}}
[debug] [2020-10-26T14:15:44.365Z] Ignoring unsupported arg: auto_download {"metadata":{"emulator":{"name":"ui"},"message":"Ignoring unsupported arg: auto_download"}}
[debug] [2020-10-26T14:15:44.365Z] Ignoring unsupported arg: port {"metadata":{"emulator":{"name":"ui"},"message":"Ignoring unsupported arg: port"}}
[debug] [2020-10-26T14:15:44.365Z] Starting Emulator UI with command {"binary":"node","args":["C:\\Users\\anves\\.cache\\firebase\\emulators\\ui-v1.1.1\\server.bundle.js"],"optionalArgs":[],"joinArgs":false} {"metadata":{"emulator":{"name":"ui"},"message":"Starting Emulator UI with command {\"binary\":\"node\",\"args\":[\"C:\\\\Users\\\\anves\\\\.cache\\\\firebase\\\\emulators\\\\ui-v1.1.1\\\\server.bundle.js\"],\"optionalArgs\":[],\"joinArgs\":false}"}}
[info] i  ui: Emulator UI logging to ui-debug.log {"metadata":{"emulator":{"name":"ui"},"message":"Emulator UI logging to \u001b[1mui-debug.log\u001b[22m"}}
[debug] [2020-10-26T14:15:44.479Z] Web / API server started at http://localhost:4001
 {"metadata":{"emulator":{"name":"ui"},"message":"Web / API server started at http://localhost:4001\n"}}
[info] i  functions: Watching "C:\Users\anves\Desktop\21-10-2020 Amazon\amazon-clone\functions" for Cloud Functions... {"metadata":{"emulator":{"name":"functions"},"message":"Watching \"C:\\Users\\anves\\Desktop\\21-10-2020 Amazon\\amazon-clone\\functions\" for Cloud Functions..."}}
[debug] [2020-10-26T14:15:44.906Z] [worker-pool] addWorker(~diagnostic~) {"metadata":{"emulator":{"name":"functions"},"message":"[worker-pool] addWorker(~diagnostic~)"}}
[debug] [2020-10-26T14:15:44.906Z] [worker-pool] Adding worker with key ~diagnostic~, total=1 {"metadata":{"emulator":{"name":"functions"},"message":"[worker-pool] Adding worker with key ~diagnostic~, total=1"}}
[debug] [2020-10-26T14:15:44.906Z] [worker-pool] submitWork(triggerId=) {"metadata":{"emulator":{"name":"functions"},"message":"[worker-pool] submitWork(triggerId=)"}}
[debug] [2020-10-26T14:15:44.907Z] [worker-~diagnostic~-4ae19691-bf3b-48c6-9c89-37a1a3518ddc]: Assigning socketPath: \\?\pipe\C:\Users\anves\Desktop\21-10-2020 Amazon\amazon-clone\functions\9576 {"metadata":{"emulator":{"name":"functions"},"message":"[worker-~diagnostic~-4ae19691-bf3b-48c6-9c89-37a1a3518ddc]: Assigning socketPath: \\\\?\\pipe\\C:\\Users\\anves\\Desktop\\21-10-2020 Amazon\\amazon-clone\\functions\\9576"}}
[debug] [2020-10-26T14:15:44.907Z] [worker-~diagnostic~-4ae19691-bf3b-48c6-9c89-37a1a3518ddc]: BUSY {"metadata":{"emulator":{"name":"functions"},"message":"[worker-~diagnostic~-4ae19691-bf3b-48c6-9c89-37a1a3518ddc]: BUSY"}}
[debug] [2020-10-26T14:15:45.285Z] [runtime-status] [9576] Functions runtime initialized. {"cwd":"C:\\Users\\anves\\Desktop\\21-10-2020 Amazon\\amazon-clone\\functions","node_version":"12.18.3"} {"metadata":{"emulator":{"name":"functions"},"message":"[runtime-status] [9576] Functions runtime initialized. {\"cwd\":\"C:\\\\Users\\\\anves\\\\Desktop\\\\21-10-2020 Amazon\\\\amazon-clone\\\\functions\",\"node_version\":\"12.18.3\"}"}}
[debug] [2020-10-26T14:15:45.286Z] [runtime-status] [9576] Disabled runtime features: undefined {"metadata":{"emulator":{"name":"functions"},"message":"[runtime-status] [9576] Disabled runtime features: undefined"}}
[debug] [2020-10-26T14:15:45.293Z] [runtime-status] [9576] Resolved module firebase-admin {"declared":true,"installed":true,"version":"9.3.0","resolution":"C:\\Users\\anves\\Desktop\\21-10-2020 Amazon\\amazon-clone\\functions\\node_modules\\firebase-admin\\lib\\index.js"} {"metadata":{"emulator":{"name":"functions"},"message":"[runtime-status] [9576] Resolved module firebase-admin {\"declared\":true,\"installed\":true,\"version\":\"9.3.0\",\"resolution\":\"C:\\\\Users\\\\anves\\\\Desktop\\\\21-10-2020 Amazon\\\\amazon-clone\\\\functions\\\\node_modules\\\\firebase-admin\\\\lib\\\\index.js\"}"}}
[debug] [2020-10-26T14:15:45.295Z] [runtime-status] [9576] Resolved module firebase-functions {"declared":true,"installed":true,"version":"3.11.0","resolution":"C:\\Users\\anves\\Desktop\\21-10-2020 Amazon\\amazon-clone\\functions\\node_modules\\firebase-functions\\lib\\index.js"} {"metadata":{"emulator":{"name":"functions"},"message":"[runtime-status] [9576] Resolved module firebase-functions {\"declared\":true,\"installed\":true,\"version\":\"3.11.0\",\"resolution\":\"C:\\\\Users\\\\anves\\\\Desktop\\\\21-10-2020 Amazon\\\\amazon-clone\\\\functions\\\\node_modules\\\\firebase-functions\\\\lib\\\\index.js\"}"}}
[debug] [2020-10-26T14:15:45.296Z] [runtime-status] [9576] Resolved module firebase-functions {"declared":true,"installed":true,"version":"3.11.0","resolution":"C:\\Users\\anves\\Desktop\\21-10-2020 Amazon\\amazon-clone\\functions\\node_modules\\firebase-functions\\lib\\index.js"} {"metadata":{"emulator":{"name":"functions"},"message":"[runtime-status] [9576] Resolved module firebase-functions {\"declared\":true,\"installed\":true,\"version\":\"3.11.0\",\"resolution\":\"C:\\\\Users\\\\anves\\\\Desktop\\\\21-10-2020 Amazon\\\\amazon-clone\\\\functions\\\\node_modules\\\\firebase-functions\\\\lib\\\\index.js\"}"}}
[debug] [2020-10-26T14:15:45.297Z] [runtime-status] [9576] Outgoing network have been stubbed. [{"name":"http","status":"mocked"},{"name":"http","status":"mocked"},{"name":"https","status":"mocked"},{"name":"https","status":"mocked"},{"name":"net","status":"mocked"}] {"metadata":{"emulator":{"name":"functions"},"message":"[runtime-status] [9576] Outgoing network have been stubbed. [{\"name\":\"http\",\"status\":\"mocked\"},{\"name\":\"http\",\"status\":\"mocked\"},{\"name\":\"https\",\"status\":\"mocked\"},{\"name\":\"https\",\"status\":\"mocked\"},{\"name\":\"net\",\"status\":\"mocked\"}]"}}
[debug] [2020-10-26T14:15:45.298Z] [runtime-status] [9576] Resolved module firebase-functions {"declared":true,"installed":true,"version":"3.11.0","resolution":"C:\\Users\\anves\\Desktop\\21-10-2020 Amazon\\amazon-clone\\functions\\node_modules\\firebase-functions\\lib\\index.js"} {"metadata":{"emulator":{"name":"functions"},"message":"[runtime-status] [9576] Resolved module firebase-functions {\"declared\":true,\"installed\":true,\"version\":\"3.11.0\",\"resolution\":\"C:\\\\Users\\\\anves\\\\Desktop\\\\21-10-2020 Amazon\\\\amazon-clone\\\\functions\\\\node_modules\\\\firebase-functions\\\\lib\\\\index.js\"}"}}
[debug] [2020-10-26T14:15:45.336Z] [runtime-status] [9576] Checked functions.config() {"config":{}} {"metadata":{"emulator":{"name":"functions"},"message":"[runtime-status] [9576] Checked functions.config() {\"config\":{}}"}}
[debug] [2020-10-26T14:15:45.336Z] [runtime-status] [9576] firebase-functions has been stubbed. {"functionsResolution":{"declared":true,"installed":true,"version":"3.11.0","resolution":"C:\\Users\\anves\\Desktop\\21-10-2020 Amazon\\amazon-clone\\functions\\node_modules\\firebase-functions\\lib\\index.js"}} {"metadata":{"emulator":{"name":"functions"},"message":"[runtime-status] [9576] firebase-functions has been stubbed. {\"functionsResolution\":{\"declared\":true,\"installed\":true,\"version\":\"3.11.0\",\"resolution\":\"C:\\\\Users\\\\anves\\\\Desktop\\\\21-10-2020 Amazon\\\\amazon-clone\\\\functions\\\\node_modules\\\\firebase-functions\\\\lib\\\\index.js\"}}"}}
[debug] [2020-10-26T14:15:45.337Z] [runtime-status] [9576] Resolved module firebase-functions {"declared":true,"installed":true,"version":"3.11.0","resolution":"C:\\Users\\anves\\Desktop\\21-10-2020 Amazon\\amazon-clone\\functions\\node_modules\\firebase-functions\\lib\\index.js"} {"metadata":{"emulator":{"name":"functions"},"message":"[runtime-status] [9576] Resolved module firebase-functions {\"declared\":true,\"installed\":true,\"version\":\"3.11.0\",\"resolution\":\"C:\\\\Users\\\\anves\\\\Desktop\\\\21-10-2020 Amazon\\\\amazon-clone\\\\functions\\\\node_modules\\\\firebase-functions\\\\lib\\\\index.js\"}"}}
[debug] [2020-10-26T14:15:45.338Z] [runtime-status] [9576] Resolved module firebase-admin {"declared":true,"installed":true,"version":"9.3.0","resolution":"C:\\Users\\anves\\Desktop\\21-10-2020 Amazon\\amazon-clone\\functions\\node_modules\\firebase-admin\\lib\\index.js"} {"metadata":{"emulator":{"name":"functions"},"message":"[runtime-status] [9576] Resolved module firebase-admin {\"declared\":true,\"installed\":true,\"version\":\"9.3.0\",\"resolution\":\"C:\\\\Users\\\\anves\\\\Desktop\\\\21-10-2020 Amazon\\\\amazon-clone\\\\functions\\\\node_modules\\\\firebase-admin\\\\lib\\\\index.js\"}"}}
[debug] [2020-10-26T14:15:45.338Z] [runtime-status] [9576] Resolved module firebase-functions {"declared":true,"installed":true,"version":"3.11.0","resolution":"C:\\Users\\anves\\Desktop\\21-10-2020 Amazon\\amazon-clone\\functions\\node_modules\\firebase-functions\\lib\\index.js"} {"metadata":{"emulator":{"name":"functions"},"message":"[runtime-status] [9576] Resolved module firebase-functions {\"declared\":true,\"installed\":true,\"version\":\"3.11.0\",\"resolution\":\"C:\\\\Users\\\\anves\\\\Desktop\\\\21-10-2020 Amazon\\\\amazon-clone\\\\functions\\\\node_modules\\\\firebase-functions\\\\lib\\\\index.js\"}"}}
[debug] [2020-10-26T14:15:45.338Z] [runtime-status] [9576] firebase-admin has been stubbed. {"adminResolution":{"declared":true,"installed":true,"version":"9.3.0","resolution":"C:\\Users\\anves\\Desktop\\21-10-2020 Amazon\\amazon-clone\\functions\\node_modules\\firebase-admin\\lib\\index.js"}} {"metadata":{"emulator":{"name":"functions"},"message":"[runtime-status] [9576] firebase-admin has been stubbed. {\"adminResolution\":{\"declared\":true,\"installed\":true,\"version\":\"9.3.0\",\"resolution\":\"C:\\\\Users\\\\anves\\\\Desktop\\\\21-10-2020 Amazon\\\\amazon-clone\\\\functions\\\\node_modules\\\\firebase-admin\\\\lib\\\\index.js\"}}"}}
[info] +  functions[api]: http function initialized (http://localhost:5001/clone-668a7/us-central1/api). {"metadata":{"emulator":{"name":"functions"},"message":"\u001b[1mhttp\u001b[22m function initialized (http://localhost:5001/clone-668a7/us-central1/api)."}}
[info] 
┌───────────────────────────────────────────────────────────────────────┐
│ ✔  All emulators ready! View status and logs at http://localhost:4001 │
└───────────────────────────────────────────────────────────────────────┘

┌───────────┬────────────────┬─────────────────────────────────┐
│ Emulator  │ Host:Port      │ View in Emulator UI             │
├───────────┼────────────────┼─────────────────────────────────┤
│ Functions │ localhost:5001 │ http://localhost:4001/functions │
├───────────┼────────────────┼─────────────────────────────────┤
│ Hosting   │ localhost:5000 │ n/a                             │
└───────────┴────────────────┴─────────────────────────────────┘
  Other reserved ports: 4400, 4500

Issues? Report them at https://github.com/firebase/firebase-tools/issues and attach the *-debug.log files.
 
[debug] [2020-10-26T14:15:45.569Z] [worker-~diagnostic~-4ae19691-bf3b-48c6-9c89-37a1a3518ddc]: IDLE {"metadata":{"emulator":{"name":"functions"},"message":"[worker-~diagnostic~-4ae19691-bf3b-48c6-9c89-37a1a3518ddc]: IDLE"}}
[debug] [2020-10-26T14:51:50.412Z] [worker-~diagnostic~-4ae19691-bf3b-48c6-9c89-37a1a3518ddc]: exited {"metadata":{"emulator":{"name":"functions"},"message":"[worker-~diagnostic~-4ae19691-bf3b-48c6-9c89-37a1a3518ddc]: exited"}}
