[debug] [2020-10-25T10:32:29.628Z] ----------------------------------------------------------------------
[debug] [2020-10-25T10:32:29.630Z] Command:       C:\Program Files\nodejs\node.exe C:\Users\anves\AppData\Roaming\npm\node_modules\firebase-tools\lib\bin\firebase.js emulators:start
[debug] [2020-10-25T10:32:29.630Z] CLI Version:   8.13.0
[debug] [2020-10-25T10:32:29.630Z] Platform:      win32
[debug] [2020-10-25T10:32:29.630Z] Node Version:  v12.18.3
[debug] [2020-10-25T10:32:29.631Z] Time:          Sun Oct 25 2020 16:02:29 GMT+0530 (India Standard Time)
[debug] [2020-10-25T10:32:29.632Z] ----------------------------------------------------------------------
[debug] [2020-10-25T10:32:29.632Z] 
[debug] [2020-10-25T10:32:29.641Z] > command requires scopes: ["email","openid","https://www.googleapis.com/auth/cloudplatformprojects.readonly","https://www.googleapis.com/auth/firebase","https://www.googleapis.com/auth/cloud-platform"]
[debug] [2020-10-25T10:32:29.642Z] > authorizing via signed-in user
[info] i  emulators: Starting emulators: functions, hosting {"metadata":{"emulator":{"name":"hub"},"message":"Starting emulators: functions, hosting"}}
[warn] !  emulators: It seems that you are running multiple instances of the emulator suite for project clone-668a7. This may result in unexpected behavior. 
[debug] [2020-10-25T10:32:31.691Z] [hub] writing locator at C:\Users\anves\AppData\Local\Temp\hub-clone-668a7.json
[warn] !  functions: The following emulators are not running, calls to these services from the Functions emulator will affect production: auth, firestore, database, pubsub {"metadata":{"emulator":{"name":"functions"},"message":"The following emulators are not running, calls to these services from the Functions emulator will affect production: \u001b[1mauth, firestore, database, pubsub\u001b[22m"}}
[info] +  functions: Using node@12 from host. {"metadata":{"emulator":{"name":"functions"},"message":"Using node@12 from host."}}
[debug] [2020-10-25T10:32:33.767Z] defaultcredentials: writing to file C:\Users\anves\AppData\Roaming\firebase\anveshreddy_bemore_gmail.com_application_default_credentials.json
[debug] [2020-10-25T10:32:33.772Z] Setting GAC to C:\Users\anves\AppData\Roaming\firebase\anveshreddy_bemore_gmail.com_application_default_credentials.json {"metadata":{"emulator":{"name":"functions"},"message":"Setting GAC to C:\\Users\\anves\\AppData\\Roaming\\firebase\\anveshreddy_bemore_gmail.com_application_default_credentials.json"}}
[debug] [2020-10-25T10:32:35.794Z] >>> HTTP REQUEST GET https://firebase.googleapis.com/v1beta1/projects/clone-668a7/webApps/-/config  
 
[debug] [2020-10-25T10:32:39.463Z] <<< HTTP RESPONSE 200 {"content-type":"application/json; charset=UTF-8","vary":"X-Origin, Referer, Origin,Accept-Encoding","date":"Sun, 25 Oct 2020 10:32:38 GMT","server":"ESF","cache-control":"private","x-xss-protection":"0","x-frame-options":"SAMEORIGIN","x-content-type-options":"nosniff","alt-svc":"h3-Q050=\":443\"; ma=2592000,h3-29=\":443\"; ma=2592000,h3-T051=\":443\"; ma=2592000,h3-T050=\":443\"; ma=2592000,h3-Q046=\":443\"; ma=2592000,h3-Q043=\":443\"; ma=2592000,quic=\":443\"; ma=2592000; v=\"46,43\"","accept-ranges":"none","transfer-encoding":"chunked"}
[info] i  hosting: Serving hosting files from: build {"metadata":{"emulator":{"name":"hosting"},"message":"Serving hosting files from: \u001b[1mbuild\u001b[22m"}}
[info] +  hosting: Local server: http://localhost:5000 {"metadata":{"emulator":{"name":"hosting"},"message":"Local server: \u001b[4m\u001b[1mhttp://localhost:5000\u001b[22m\u001b[24m"}}
[warn] !  ui: Emulator UI unable to start on port 4000, starting on 4003 instead. {"metadata":{"emulator":{"name":"ui"},"message":"Emulator UI unable to start on port 4000, starting on 4003 instead."}}
[debug] [2020-10-25T10:32:41.584Z] Ignoring unsupported arg: auto_download {"metadata":{"emulator":{"name":"ui"},"message":"Ignoring unsupported arg: auto_download"}}
[debug] [2020-10-25T10:32:41.584Z] Ignoring unsupported arg: port {"metadata":{"emulator":{"name":"ui"},"message":"Ignoring unsupported arg: port"}}
[debug] [2020-10-25T10:32:41.584Z] Starting Emulator UI with command {"binary":"node","args":["C:\\Users\\anves\\.cache\\firebase\\emulators\\ui-v1.1.1\\server.bundle.js"],"optionalArgs":[],"joinArgs":false} {"metadata":{"emulator":{"name":"ui"},"message":"Starting Emulator UI with command {\"binary\":\"node\",\"args\":[\"C:\\\\Users\\\\anves\\\\.cache\\\\firebase\\\\emulators\\\\ui-v1.1.1\\\\server.bundle.js\"],\"optionalArgs\":[],\"joinArgs\":false}"}}
[info] i  ui: Emulator UI logging to ui-debug.log {"metadata":{"emulator":{"name":"ui"},"message":"Emulator UI logging to \u001b[1mui-debug.log\u001b[22m"}}
[debug] [2020-10-25T10:32:41.684Z] Web / API server started at http://localhost:4003
 {"metadata":{"emulator":{"name":"ui"},"message":"Web / API server started at http://localhost:4003\n"}}
[info] i  functions: Watching "C:\Users\anves\Desktop\21-10-2020 Amazon\amazon-clone\functions" for Cloud Functions... {"metadata":{"emulator":{"name":"functions"},"message":"Watching \"C:\\Users\\anves\\Desktop\\21-10-2020 Amazon\\amazon-clone\\functions\" for Cloud Functions..."}}
[debug] [2020-10-25T10:32:42.131Z] [worker-pool] addWorker(~diagnostic~) {"metadata":{"emulator":{"name":"functions"},"message":"[worker-pool] addWorker(~diagnostic~)"}}
[debug] [2020-10-25T10:32:42.131Z] [worker-pool] Adding worker with key ~diagnostic~, total=1 {"metadata":{"emulator":{"name":"functions"},"message":"[worker-pool] Adding worker with key ~diagnostic~, total=1"}}
[debug] [2020-10-25T10:32:42.132Z] [worker-pool] submitWork(triggerId=) {"metadata":{"emulator":{"name":"functions"},"message":"[worker-pool] submitWork(triggerId=)"}}
[debug] [2020-10-25T10:32:42.132Z] [worker-~diagnostic~-b69f43cd-5bf6-4c66-9168-7d9764eb0918]: Assigning socketPath: \\?\pipe\C:\Users\anves\Desktop\21-10-2020 Amazon\amazon-clone\functions\6652 {"metadata":{"emulator":{"name":"functions"},"message":"[worker-~diagnostic~-b69f43cd-5bf6-4c66-9168-7d9764eb0918]: Assigning socketPath: \\\\?\\pipe\\C:\\Users\\anves\\Desktop\\21-10-2020 Amazon\\amazon-clone\\functions\\6652"}}
[debug] [2020-10-25T10:32:42.133Z] [worker-~diagnostic~-b69f43cd-5bf6-4c66-9168-7d9764eb0918]: BUSY {"metadata":{"emulator":{"name":"functions"},"message":"[worker-~diagnostic~-b69f43cd-5bf6-4c66-9168-7d9764eb0918]: BUSY"}}
[debug] [2020-10-25T10:32:42.523Z] [runtime-status] [6652] Functions runtime initialized. {"cwd":"C:\\Users\\anves\\Desktop\\21-10-2020 Amazon\\amazon-clone\\functions","node_version":"12.18.3"} {"metadata":{"emulator":{"name":"functions"},"message":"[runtime-status] [6652] Functions runtime initialized. {\"cwd\":\"C:\\\\Users\\\\anves\\\\Desktop\\\\21-10-2020 Amazon\\\\amazon-clone\\\\functions\",\"node_version\":\"12.18.3\"}"}}
[debug] [2020-10-25T10:32:42.524Z] [runtime-status] [6652] Disabled runtime features: undefined {"metadata":{"emulator":{"name":"functions"},"message":"[runtime-status] [6652] Disabled runtime features: undefined"}}
[debug] [2020-10-25T10:32:42.531Z] [runtime-status] [6652] Resolved module firebase-admin {"declared":true,"installed":true,"version":"9.3.0","resolution":"C:\\Users\\anves\\Desktop\\21-10-2020 Amazon\\amazon-clone\\functions\\node_modules\\firebase-admin\\lib\\index.js"} {"metadata":{"emulator":{"name":"functions"},"message":"[runtime-status] [6652] Resolved module firebase-admin {\"declared\":true,\"installed\":true,\"version\":\"9.3.0\",\"resolution\":\"C:\\\\Users\\\\anves\\\\Desktop\\\\21-10-2020 Amazon\\\\amazon-clone\\\\functions\\\\node_modules\\\\firebase-admin\\\\lib\\\\index.js\"}"}}
[debug] [2020-10-25T10:32:42.533Z] [runtime-status] [6652] Resolved module firebase-functions {"declared":true,"installed":true,"version":"3.11.0","resolution":"C:\\Users\\anves\\Desktop\\21-10-2020 Amazon\\amazon-clone\\functions\\node_modules\\firebase-functions\\lib\\index.js"} {"metadata":{"emulator":{"name":"functions"},"message":"[runtime-status] [6652] Resolved module firebase-functions {\"declared\":true,\"installed\":true,\"version\":\"3.11.0\",\"resolution\":\"C:\\\\Users\\\\anves\\\\Desktop\\\\21-10-2020 Amazon\\\\amazon-clone\\\\functions\\\\node_modules\\\\firebase-functions\\\\lib\\\\index.js\"}"}}
[debug] [2020-10-25T10:32:42.534Z] [runtime-status] [6652] Resolved module firebase-functions {"declared":true,"installed":true,"version":"3.11.0","resolution":"C:\\Users\\anves\\Desktop\\21-10-2020 Amazon\\amazon-clone\\functions\\node_modules\\firebase-functions\\lib\\index.js"} {"metadata":{"emulator":{"name":"functions"},"message":"[runtime-status] [6652] Resolved module firebase-functions {\"declared\":true,\"installed\":true,\"version\":\"3.11.0\",\"resolution\":\"C:\\\\Users\\\\anves\\\\Desktop\\\\21-10-2020 Amazon\\\\amazon-clone\\\\functions\\\\node_modules\\\\firebase-functions\\\\lib\\\\index.js\"}"}}
[debug] [2020-10-25T10:32:42.535Z] [runtime-status] [6652] Outgoing network have been stubbed. [{"name":"http","status":"mocked"},{"name":"http","status":"mocked"},{"name":"https","status":"mocked"},{"name":"https","status":"mocked"},{"name":"net","status":"mocked"}] {"metadata":{"emulator":{"name":"functions"},"message":"[runtime-status] [6652] Outgoing network have been stubbed. [{\"name\":\"http\",\"status\":\"mocked\"},{\"name\":\"http\",\"status\":\"mocked\"},{\"name\":\"https\",\"status\":\"mocked\"},{\"name\":\"https\",\"status\":\"mocked\"},{\"name\":\"net\",\"status\":\"mocked\"}]"}}
[debug] [2020-10-25T10:32:42.536Z] [runtime-status] [6652] Resolved module firebase-functions {"declared":true,"installed":true,"version":"3.11.0","resolution":"C:\\Users\\anves\\Desktop\\21-10-2020 Amazon\\amazon-clone\\functions\\node_modules\\firebase-functions\\lib\\index.js"} {"metadata":{"emulator":{"name":"functions"},"message":"[runtime-status] [6652] Resolved module firebase-functions {\"declared\":true,\"installed\":true,\"version\":\"3.11.0\",\"resolution\":\"C:\\\\Users\\\\anves\\\\Desktop\\\\21-10-2020 Amazon\\\\amazon-clone\\\\functions\\\\node_modules\\\\firebase-functions\\\\lib\\\\index.js\"}"}}
[debug] [2020-10-25T10:32:42.581Z] [runtime-status] [6652] Checked functions.config() {"config":{}} {"metadata":{"emulator":{"name":"functions"},"message":"[runtime-status] [6652] Checked functions.config() {\"config\":{}}"}}
[debug] [2020-10-25T10:32:42.581Z] [runtime-status] [6652] firebase-functions has been stubbed. {"functionsResolution":{"declared":true,"installed":true,"version":"3.11.0","resolution":"C:\\Users\\anves\\Desktop\\21-10-2020 Amazon\\amazon-clone\\functions\\node_modules\\firebase-functions\\lib\\index.js"}} {"metadata":{"emulator":{"name":"functions"},"message":"[runtime-status] [6652] firebase-functions has been stubbed. {\"functionsResolution\":{\"declared\":true,\"installed\":true,\"version\":\"3.11.0\",\"resolution\":\"C:\\\\Users\\\\anves\\\\Desktop\\\\21-10-2020 Amazon\\\\amazon-clone\\\\functions\\\\node_modules\\\\firebase-functions\\\\lib\\\\index.js\"}}"}}
[debug] [2020-10-25T10:32:42.582Z] [runtime-status] [6652] Resolved module firebase-functions {"declared":true,"installed":true,"version":"3.11.0","resolution":"C:\\Users\\anves\\Desktop\\21-10-2020 Amazon\\amazon-clone\\functions\\node_modules\\firebase-functions\\lib\\index.js"} {"metadata":{"emulator":{"name":"functions"},"message":"[runtime-status] [6652] Resolved module firebase-functions {\"declared\":true,\"installed\":true,\"version\":\"3.11.0\",\"resolution\":\"C:\\\\Users\\\\anves\\\\Desktop\\\\21-10-2020 Amazon\\\\amazon-clone\\\\functions\\\\node_modules\\\\firebase-functions\\\\lib\\\\index.js\"}"}}
[debug] [2020-10-25T10:32:42.583Z] [runtime-status] [6652] Resolved module firebase-admin {"declared":true,"installed":true,"version":"9.3.0","resolution":"C:\\Users\\anves\\Desktop\\21-10-2020 Amazon\\amazon-clone\\functions\\node_modules\\firebase-admin\\lib\\index.js"} {"metadata":{"emulator":{"name":"functions"},"message":"[runtime-status] [6652] Resolved module firebase-admin {\"declared\":true,\"installed\":true,\"version\":\"9.3.0\",\"resolution\":\"C:\\\\Users\\\\anves\\\\Desktop\\\\21-10-2020 Amazon\\\\amazon-clone\\\\functions\\\\node_modules\\\\firebase-admin\\\\lib\\\\index.js\"}"}}
[debug] [2020-10-25T10:32:42.583Z] [runtime-status] [6652] Resolved module firebase-functions {"declared":true,"installed":true,"version":"3.11.0","resolution":"C:\\Users\\anves\\Desktop\\21-10-2020 Amazon\\amazon-clone\\functions\\node_modules\\firebase-functions\\lib\\index.js"} {"metadata":{"emulator":{"name":"functions"},"message":"[runtime-status] [6652] Resolved module firebase-functions {\"declared\":true,\"installed\":true,\"version\":\"3.11.0\",\"resolution\":\"C:\\\\Users\\\\anves\\\\Desktop\\\\21-10-2020 Amazon\\\\amazon-clone\\\\functions\\\\node_modules\\\\firebase-functions\\\\lib\\\\index.js\"}"}}
[debug] [2020-10-25T10:32:42.583Z] [runtime-status] [6652] firebase-admin has been stubbed. {"adminResolution":{"declared":true,"installed":true,"version":"9.3.0","resolution":"C:\\Users\\anves\\Desktop\\21-10-2020 Amazon\\amazon-clone\\functions\\node_modules\\firebase-admin\\lib\\index.js"}} {"metadata":{"emulator":{"name":"functions"},"message":"[runtime-status] [6652] firebase-admin has been stubbed. {\"adminResolution\":{\"declared\":true,\"installed\":true,\"version\":\"9.3.0\",\"resolution\":\"C:\\\\Users\\\\anves\\\\Desktop\\\\21-10-2020 Amazon\\\\amazon-clone\\\\functions\\\\node_modules\\\\firebase-admin\\\\lib\\\\index.js\"}}"}}
[warn] !  ReferenceError: funstions is not defined
    at Object.<anonymous> (C:\Users\anves\Desktop\21-10-2020 Amazon\amazon-clone\functions\index.js:20:13)
    at Module._compile (internal/modules/cjs/loader.js:1137:30)
    at Object.Module._extensions..js (internal/modules/cjs/loader.js:1157:10)
    at Module.load (internal/modules/cjs/loader.js:985:32)
    at Function.Module._load (internal/modules/cjs/loader.js:878:14)
    at Module.require (internal/modules/cjs/loader.js:1025:19)
    at require (internal/modules/cjs/helpers.js:72:18)
    at C:\Users\anves\AppData\Roaming\npm\node_modules\firebase-tools\lib\emulator\functionsEmulatorRuntime.js:681:33
    at Generator.next (<anonymous>)
    at fulfilled (C:\Users\anves\AppData\Roaming\npm\node_modules\firebase-tools\lib\emulator\functionsEmulatorRuntime.js:5:58) {"metadata":{"emulator":{"name":"functions"},"message":"ReferenceError: funstions is not defined\n    at Object.<anonymous> (C:\\Users\\anves\\Desktop\\21-10-2020 Amazon\\amazon-clone\\functions\\index.js:20:13)\n    at Module._compile (internal/modules/cjs/loader.js:1137:30)\n    at Object.Module._extensions..js (internal/modules/cjs/loader.js:1157:10)\n    at Module.load (internal/modules/cjs/loader.js:985:32)\n    at Function.Module._load (internal/modules/cjs/loader.js:878:14)\n    at Module.require (internal/modules/cjs/loader.js:1025:19)\n    at require (internal/modules/cjs/helpers.js:72:18)\n    at C:\\Users\\anves\\AppData\\Roaming\\npm\\node_modules\\firebase-tools\\lib\\emulator\\functionsEmulatorRuntime.js:681:33\n    at Generator.next (<anonymous>)\n    at fulfilled (C:\\Users\\anves\\AppData\\Roaming\\npm\\node_modules\\firebase-tools\\lib\\emulator\\functionsEmulatorRuntime.js:5:58)"}}
[warn] !  We were unable to load your functions code. (see above) {"metadata":{"emulator":{"name":"functions"}}}
[debug] [2020-10-25T10:32:42.814Z] [worker-~diagnostic~-b69f43cd-5bf6-4c66-9168-7d9764eb0918]: exited {"metadata":{"emulator":{"name":"functions"},"message":"[worker-~diagnostic~-b69f43cd-5bf6-4c66-9168-7d9764eb0918]: exited"}}
[debug] [2020-10-25T10:32:42.814Z] [worker-~diagnostic~-b69f43cd-5bf6-4c66-9168-7d9764eb0918]: FINISHED {"metadata":{"emulator":{"name":"functions"},"message":"[worker-~diagnostic~-b69f43cd-5bf6-4c66-9168-7d9764eb0918]: FINISHED"}}
